[debug] [2018-04-17T20:36:32.637Z] ----------------------------------------------------------------------
[debug] [2018-04-17T20:36:32.640Z] Command:       C:\Program Files\nodejs\node.exe C:\Users\alex\AppData\Roaming\npm\node_modules\firebase-tools\bin\firebase deploy
[debug] [2018-04-17T20:36:32.640Z] CLI Version:   3.18.4
[debug] [2018-04-17T20:36:32.640Z] Platform:      win32
[debug] [2018-04-17T20:36:32.640Z] Node Version:  v9.5.0
[debug] [2018-04-17T20:36:32.641Z] Time:          Tue Apr 17 2018 21:36:32 GMT+0100 (GMT Daylight Time)
[debug] [2018-04-17T20:36:32.641Z] ----------------------------------------------------------------------
[debug] 
[debug] [2018-04-17T20:36:32.654Z] > command requires scopes: ["email","openid","https://www.googleapis.com/auth/cloudplatformprojects.readonly","https://www.googleapis.com/auth/firebase","https://www.googleapis.com/auth/cloud-platform"]
[debug] [2018-04-17T20:36:32.655Z] > authorizing via signed-in user
[debug] [2018-04-17T20:36:32.657Z] > refreshing access token with scopes: ["email","https://www.googleapis.com/auth/cloud-platform","https://www.googleapis.com/auth/cloudplatformprojects.readonly","https://www.googleapis.com/auth/firebase","openid"]
[debug] [2018-04-17T20:36:32.657Z] >>> HTTP REQUEST POST https://www.googleapis.com/oauth2/v3/token  
 { refresh_token: '1/OofonFiXgy3kINvYIPrlJmLiE3o8C2ZlmdQMmex1gAM',
  client_id: '563584335869-fgrhgmd47bqnekij5i8b5pr03ho849e6.apps.googleusercontent.com',
  client_secret: 'j9iVZfS8kkCEFUPaAeJV0sAi',
  grant_type: 'refresh_token',
  scope: 'email https://www.googleapis.com/auth/cloud-platform https://www.googleapis.com/auth/cloudplatformprojects.readonly https://www.googleapis.com/auth/firebase openid' } 
 Tue Apr 17 2018 21:36:32 GMT+0100 (GMT Daylight Time)
[debug] [2018-04-17T20:36:32.818Z] <<< HTTP RESPONSE 200
[debug] [2018-04-17T20:36:32.825Z] >>> HTTP REQUEST GET https://admin.firebase.com/v1/projects/buoystats  
  
 Tue Apr 17 2018 21:36:32 GMT+0100 (GMT Daylight Time)
[debug] [2018-04-17T20:36:33.560Z] <<< HTTP RESPONSE 200
[debug] [2018-04-17T20:36:33.561Z] >>> HTTP REQUEST GET https://admin.firebase.com/v1/database/buoystats/tokens  
  
 Tue Apr 17 2018 21:36:33 GMT+0100 (GMT Daylight Time)
[debug] [2018-04-17T20:36:38.416Z] <<< HTTP RESPONSE 200
[info] 
[info] === Deploying to 'buoystats'...
[info] 
[info] i  deploying database, hosting
[info] i  database: checking rules syntax...
[debug] [2018-04-17T20:36:39.100Z] >>> HTTP REQUEST PUT https://buoystats.firebaseio.com/.settings/rules.json?dryRun=true  
 {
  "rules": {
    ".read": "true",
    ".write": "auth != null"
  }
}
 
 Tue Apr 17 2018 21:36:39 GMT+0100 (GMT Daylight Time)
[debug] [2018-04-17T20:36:41.564Z] <<< HTTP RESPONSE 200
[info] +  database: rules syntax for database buoystats is valid
[info] i  hosting: preparing build directory for upload...
[debug] [2018-04-17T20:36:42.172Z] >>> HTTP REQUEST PUT https://deploy.firebase.com/v1/hosting/buoystats/uploads/-LAKJi2Wa9ZO_cEkHcqp?fileCount=9&message=  
  
 Tue Apr 17 2018 21:36:42 GMT+0100 (GMT Daylight Time)
[debug] [2018-04-17T20:36:48.440Z] <<< HTTP RESPONSE 200
[debug] [2018-04-17T20:36:48.440Z] [hosting] .tgz uploaded successfully, waiting for extraction
